<?xml version="1.0" encoding="UTF-8"?>
<testsuite xmlns:xsi="http://www.w3.org/2001/XMLSchema-instance" xsi:noNamespaceSchemaLocation="https://maven.apache.org/surefire/maven-surefire-plugin/xsd/surefire-test-report.xsd" name="selenium.ExampleSeleniumTest" time="18.055" tests="7" errors="0" skipped="0" failures="0">
  <properties>
[...]
</properties>
  <testcase name="CatalogTestNegative" classname="selenium.ExampleSeleniumTest" time="4.861"/>
  <testcase name="AddBookTestPositive" classname="selenium.ExampleSeleniumTest" time="2.907"/>
  <testcase name="AddBookTestNegative" classname="selenium.ExampleSeleniumTest" time="3.185"/>
  <testcase name="CatalogBlankTest" classname="selenium.ExampleSeleniumTest" time="1.732"/>
  <testcase name="AdminLoginTestPositive" classname="selenium.ExampleSeleniumTest" time="1.892"/>
  <testcase name="AdminLoginTestNegative" classname="selenium.ExampleSeleniumTest" time="1.837"/>
  <testcase name="AddToCartTest" classname="selenium.ExampleSeleniumTest" time="1.626"/>
</testsuite>